2014-03-07 11:32:45,818 INFO: Tesla app startup [in app/__init__.py:39]
2014-03-07 11:37:01,035 INFO: Tesla app startup [in /Users/manavm/Documents/Git/test_repo/webHub/app/__init__.py:39]
2014-03-07 11:37:01,489 INFO: Tesla app startup [in /Users/manavm/Documents/Git/test_repo/webHub/app/__init__.py:39]
2014-03-07 11:37:32,877 INFO: Tesla app startup [in /Users/manavm/Documents/Git/test_repo/webHub/app/__init__.py:39]
2014-03-07 11:37:38,784 ERROR: Exception on /login [GET] [in /Users/manavm/Documents/Git/test_repo/webHub/flask/lib/python2.7/site-packages/flask/app.py:1423]
Traceback (most recent call last):
  File "/Users/manavm/Documents/Git/test_repo/webHub/flask/lib/python2.7/site-packages/flask/app.py", line 1817, in wsgi_app
    response = self.full_dispatch_request()
  File "/Users/manavm/Documents/Git/test_repo/webHub/flask/lib/python2.7/site-packages/flask/app.py", line 1477, in full_dispatch_request
    rv = self.handle_user_exception(e)
  File "/Users/manavm/Documents/Git/test_repo/webHub/flask/lib/python2.7/site-packages/flask/app.py", line 1381, in handle_user_exception
    reraise(exc_type, exc_value, tb)
  File "/Users/manavm/Documents/Git/test_repo/webHub/flask/lib/python2.7/site-packages/flask/app.py", line 1475, in full_dispatch_request
    rv = self.dispatch_request()
  File "/Users/manavm/Documents/Git/test_repo/webHub/flask/lib/python2.7/site-packages/flask/app.py", line 1461, in dispatch_request
    return self.view_functions[rule.endpoint](**req.view_args)
  File "/Users/manavm/Documents/Git/test_repo/webHub/flask/lib/python2.7/site-packages/flask_openid.py", line 487, in decorated
    openid_response, self.extension_responses))
  File "/Users/manavm/Documents/Git/test_repo/webHub/app/views.py", line 58, in after_login
    user = User.query.filter_by(email = resp.email).first()
  File "/Users/manavm/Documents/Git/test_repo/webHub/flask/lib/python2.7/site-packages/sqlalchemy/orm/query.py", line 2327, in first
    ret = list(self[0:1])
  File "/Users/manavm/Documents/Git/test_repo/webHub/flask/lib/python2.7/site-packages/sqlalchemy/orm/query.py", line 2194, in __getitem__
    return list(res)
  File "/Users/manavm/Documents/Git/test_repo/webHub/flask/lib/python2.7/site-packages/sqlalchemy/orm/query.py", line 2398, in __iter__
    return self._execute_and_instances(context)
  File "/Users/manavm/Documents/Git/test_repo/webHub/flask/lib/python2.7/site-packages/sqlalchemy/orm/query.py", line 2413, in _execute_and_instances
    result = conn.execute(querycontext.statement, self._params)
  File "/Users/manavm/Documents/Git/test_repo/webHub/flask/lib/python2.7/site-packages/sqlalchemy/engine/base.py", line 717, in execute
    return meth(self, multiparams, params)
  File "/Users/manavm/Documents/Git/test_repo/webHub/flask/lib/python2.7/site-packages/sqlalchemy/sql/elements.py", line 317, in _execute_on_connection
    return connection._execute_clauseelement(self, multiparams, params)
  File "/Users/manavm/Documents/Git/test_repo/webHub/flask/lib/python2.7/site-packages/sqlalchemy/engine/base.py", line 814, in _execute_clauseelement
    compiled_sql, distilled_params
  File "/Users/manavm/Documents/Git/test_repo/webHub/flask/lib/python2.7/site-packages/sqlalchemy/engine/base.py", line 927, in _execute_context
    context)
  File "/Users/manavm/Documents/Git/test_repo/webHub/flask/lib/python2.7/site-packages/sqlalchemy/engine/base.py", line 1076, in _handle_dbapi_exception
    exc_info
  File "/Users/manavm/Documents/Git/test_repo/webHub/flask/lib/python2.7/site-packages/sqlalchemy/util/compat.py", line 185, in raise_from_cause
    reraise(type(exception), exception, tb=exc_tb)
  File "/Users/manavm/Documents/Git/test_repo/webHub/flask/lib/python2.7/site-packages/sqlalchemy/engine/base.py", line 920, in _execute_context
    context)
  File "/Users/manavm/Documents/Git/test_repo/webHub/flask/lib/python2.7/site-packages/sqlalchemy/engine/default.py", line 425, in do_execute
    cursor.execute(statement, parameters)
OperationalError: (OperationalError) no such table: user u'SELECT user.id AS user_id, user.nickname AS user_nickname, user.email AS user_email, user.role AS user_role \nFROM user \nWHERE user.email = ?\n LIMIT ? OFFSET ?' (u'manavm@utexas.edu', 1, 0)
2014-03-07 11:40:27,540 INFO: Tesla app startup [in /Users/manavm/Documents/Git/test_repo/webHub/app/__init__.py:39]
2014-03-07 11:40:28,002 INFO: Tesla app startup [in /Users/manavm/Documents/Git/test_repo/webHub/app/__init__.py:39]
2014-03-07 11:43:07,381 INFO: Tesla app startup [in /Users/manavm/Documents/Git/test_repo/webHub/app/__init__.py:39]
2014-03-07 11:43:21,770 INFO: Tesla app startup [in /Users/manavm/Documents/Git/test_repo/webHub/app/__init__.py:39]
2014-03-07 11:43:22,212 INFO: Tesla app startup [in /Users/manavm/Documents/Git/test_repo/webHub/app/__init__.py:39]
2014-03-07 15:26:36,669 INFO: Tesla app startup [in /Users/manavm/Documents/Git/test_repo/webHub/app/__init__.py:39]
2014-03-07 15:26:37,165 INFO: Tesla app startup [in /Users/manavm/Documents/Git/test_repo/webHub/app/__init__.py:39]
2014-03-07 15:28:30,826 INFO: Tesla app startup [in /Users/manavm/Documents/Git/test_repo/webHub/app/__init__.py:39]
2014-03-07 15:38:00,718 INFO: Tesla app startup [in /Users/manavm/Documents/Git/test_repo/webHub/app/__init__.py:39]
2014-03-07 15:38:28,799 INFO: Tesla app startup [in /Users/manavm/Documents/Git/test_repo/webHub/app/__init__.py:39]
2014-03-07 15:38:29,273 INFO: Tesla app startup [in /Users/manavm/Documents/Git/test_repo/webHub/app/__init__.py:39]
2014-03-07 15:52:59,538 INFO: Tesla app startup [in /Users/manavm/Documents/Git/test_repo/webHub/app/__init__.py:39]
2014-03-07 15:53:13,208 INFO: Tesla app startup [in /Users/manavm/Documents/Git/test_repo/webHub/app/__init__.py:39]
2014-03-07 15:53:15,842 INFO: Tesla app startup [in /Users/manavm/Documents/Git/test_repo/webHub/app/__init__.py:39]
2014-03-07 15:53:58,811 INFO: Tesla app startup [in /Users/manavm/Documents/Git/test_repo/webHub/app/__init__.py:39]
2014-03-07 15:54:04,406 INFO: Tesla app startup [in /Users/manavm/Documents/Git/test_repo/webHub/app/__init__.py:39]
2014-03-07 16:03:14,544 INFO: Tesla app startup [in /Users/manavm/Documents/Git/test_repo/webHub/app/__init__.py:39]
2014-03-07 16:03:25,182 INFO: Tesla app startup [in /Users/manavm/Documents/Git/test_repo/webHub/app/__init__.py:39]
2014-03-07 16:03:27,759 INFO: Tesla app startup [in /Users/manavm/Documents/Git/test_repo/webHub/app/__init__.py:39]
2014-03-07 16:15:47,139 INFO: Tesla app startup [in /Users/manavm/Documents/Git/test_repo/webHub/app/__init__.py:39]
2014-03-07 16:42:45,053 INFO: Tesla app startup [in /Users/manavm/Documents/Git/test_repo/webHub/app/__init__.py:39]
2014-03-07 16:43:01,765 INFO: Tesla app startup [in /Users/manavm/Documents/Git/test_repo/webHub/app/__init__.py:39]
2014-03-07 16:44:13,043 INFO: Tesla app startup [in /Users/manavm/Documents/Git/test_repo/webHub/app/__init__.py:39]
2014-03-07 16:45:52,541 INFO: Tesla app startup [in /Users/manavm/Documents/Git/test_repo/webHub/app/__init__.py:39]
2014-03-07 16:52:46,425 INFO: Tesla app startup [in /Users/manavm/Documents/Git/test_repo/webHub/app/__init__.py:39]
2014-03-07 16:52:46,886 INFO: Tesla app startup [in /Users/manavm/Documents/Git/test_repo/webHub/app/__init__.py:39]
2014-03-07 17:10:18,359 INFO: Tesla app startup [in /Users/manavm/Documents/Git/test_repo/webHub/app/__init__.py:39]
2014-03-07 17:12:46,343 INFO: Tesla app startup [in /Users/manavm/Documents/Git/test_repo/webHub/app/__init__.py:39]
2014-03-07 17:14:56,181 INFO: Tesla app startup [in /Users/manavm/Documents/Git/test_repo/webHub/app/__init__.py:39]
2014-03-07 17:19:44,900 INFO: Tesla app startup [in /Users/manavm/Documents/Git/test_repo/webHub/app/__init__.py:39]
2014-03-07 17:19:45,367 INFO: Tesla app startup [in /Users/manavm/Documents/Git/test_repo/webHub/app/__init__.py:39]
2014-03-07 17:51:43,830 INFO: Tesla app startup [in /Users/manavm/Documents/Git/test_repo/webHub/app/__init__.py:39]
2014-03-07 17:52:07,575 INFO: Tesla app startup [in /Users/manavm/Documents/Git/test_repo/webHub/app/__init__.py:39]
2014-03-10 15:50:51,794 INFO: Tesla app startup [in /Users/manavm/Documents/Git/test_repo/webHub/app/__init__.py:39]
2014-03-10 15:50:52,251 INFO: Tesla app startup [in /Users/manavm/Documents/Git/test_repo/webHub/app/__init__.py:39]
2014-03-10 15:52:19,659 INFO: Tesla app startup [in /Users/manavm/Documents/Git/test_repo/webHub/app/__init__.py:39]
2014-03-10 15:52:21,853 INFO: Tesla app startup [in /Users/manavm/Documents/Git/test_repo/webHub/app/__init__.py:39]
2014-03-10 15:52:22,315 INFO: Tesla app startup [in /Users/manavm/Documents/Git/test_repo/webHub/app/__init__.py:39]
2014-03-10 16:04:31,220 INFO: Tesla app startup [in /Users/manavm/Documents/Git/test_repo/webHub/app/__init__.py:39]
2014-03-10 16:07:21,410 INFO: Tesla app startup [in /Users/manavm/Documents/Git/test_repo/webHub/app/__init__.py:39]
2014-03-10 16:12:14,380 INFO: Tesla app startup [in /Users/manavm/Documents/Git/test_repo/webHub/app/__init__.py:39]
2014-03-10 16:41:44,325 INFO: Tesla app startup [in /Users/manavm/Documents/Git/test_repo/webHub/app/__init__.py:39]
2014-03-10 16:43:27,810 INFO: Tesla app startup [in /Users/manavm/Documents/Git/test_repo/webHub/app/__init__.py:39]
2014-03-10 16:43:44,481 INFO: Tesla app startup [in /Users/manavm/Documents/Git/test_repo/webHub/app/__init__.py:39]
2014-03-10 16:44:17,366 INFO: Tesla app startup [in /Users/manavm/Documents/Git/test_repo/webHub/app/__init__.py:39]
2014-03-10 16:44:30,015 INFO: Tesla app startup [in /Users/manavm/Documents/Git/test_repo/webHub/app/__init__.py:39]
2014-03-10 16:45:45,290 INFO: Tesla app startup [in /Users/manavm/Documents/Git/test_repo/webHub/app/__init__.py:39]
2014-03-10 16:57:50,685 INFO: Tesla app startup [in /Users/manavm/Documents/Git/test_repo/webHub/app/__init__.py:39]
2014-03-10 16:57:56,308 INFO: Tesla app startup [in /Users/manavm/Documents/Git/test_repo/webHub/app/__init__.py:39]
2014-03-10 16:58:50,392 INFO: Tesla app startup [in /Users/manavm/Documents/Git/test_repo/webHub/app/__init__.py:39]
2014-03-10 17:00:50,092 INFO: Tesla app startup [in /Users/manavm/Documents/Git/test_repo/webHub/app/__init__.py:39]
2014-03-10 17:02:04,394 INFO: Tesla app startup [in /Users/manavm/Documents/Git/test_repo/webHub/app/__init__.py:39]
2014-03-10 17:36:27,735 INFO: Tesla app startup [in /Users/manavm/Documents/Git/test_repo/webHub/app/__init__.py:39]
2014-03-10 17:36:46,442 INFO: Tesla app startup [in /Users/manavm/Documents/Git/test_repo/webHub/app/__init__.py:39]
2014-03-10 17:41:15,687 INFO: Tesla app startup [in /Users/manavm/Documents/Git/test_repo/webHub/app/__init__.py:39]
2014-03-10 17:50:30,726 INFO: Tesla app startup [in /Users/manavm/Documents/Git/test_repo/webHub/app/__init__.py:39]
2014-03-10 17:51:42,056 INFO: Tesla app startup [in /Users/manavm/Documents/Git/test_repo/webHub/app/__init__.py:39]
2014-03-10 18:05:03,743 INFO: Tesla app startup [in /Users/manavm/Documents/Git/test_repo/webHub/app/__init__.py:39]
2014-03-10 18:05:11,537 INFO: Tesla app startup [in /Users/manavm/Documents/Git/test_repo/webHub/app/__init__.py:39]
2014-03-10 18:05:20,320 INFO: Tesla app startup [in /Users/manavm/Documents/Git/test_repo/webHub/app/__init__.py:39]
2014-03-12 14:55:20,546 INFO: Tesla app startup [in /Users/manavm/Documents/Git/test_repo/webHub/app/__init__.py:39]
2014-03-12 14:55:21,066 INFO: Tesla app startup [in /Users/manavm/Documents/Git/test_repo/webHub/app/__init__.py:39]
2014-03-12 16:15:43,761 INFO: Tesla app startup [in /Users/manavm/Documents/Git/test_repo/webHub/app/__init__.py:39]
2014-03-12 16:24:31,615 INFO: Tesla app startup [in /Users/manavm/Documents/Git/test_repo/webHub/app/__init__.py:39]
2014-03-12 16:24:41,228 INFO: Tesla app startup [in /Users/manavm/Documents/Git/test_repo/webHub/app/__init__.py:39]
2014-03-12 16:39:10,969 INFO: Tesla app startup [in /Users/manavm/Documents/Git/test_repo/webHub/app/__init__.py:39]
2014-03-12 16:44:05,665 INFO: Tesla app startup [in /Users/manavm/Documents/Git/test_repo/webHub/app/__init__.py:39]
2014-03-12 16:44:08,198 INFO: Tesla app startup [in /Users/manavm/Documents/Git/test_repo/webHub/app/__init__.py:39]
2014-03-12 16:44:20,966 INFO: Tesla app startup [in /Users/manavm/Documents/Git/test_repo/webHub/app/__init__.py:39]
2014-03-12 16:45:08,987 INFO: Tesla app startup [in /Users/manavm/Documents/Git/test_repo/webHub/app/__init__.py:39]
2014-03-12 16:57:46,503 INFO: Tesla app startup [in /Users/manavm/Documents/Git/test_repo/webHub/app/__init__.py:39]
2014-03-12 17:14:37,882 INFO: Tesla app startup [in /Users/manavm/Documents/Git/test_repo/webHub/app/__init__.py:39]
2014-03-12 17:15:03,698 INFO: Tesla app startup [in /Users/manavm/Documents/Git/test_repo/webHub/app/__init__.py:39]
2014-03-12 17:15:59,916 INFO: Tesla app startup [in /Users/manavm/Documents/Git/test_repo/webHub/app/__init__.py:39]
2014-03-12 17:16:17,630 INFO: Tesla app startup [in /Users/manavm/Documents/Git/test_repo/webHub/app/__init__.py:39]
2014-03-12 17:23:56,881 INFO: Tesla app startup [in /Users/manavm/Documents/Git/test_repo/webHub/app/__init__.py:39]
2014-03-12 17:43:57,570 INFO: Tesla app startup [in /Users/manavm/Documents/Git/test_repo/webHub/app/__init__.py:39]
2014-03-12 18:04:21,360 INFO: Tesla app startup [in /Users/manavm/Documents/Git/test_repo/webHub/app/__init__.py:39]
2014-03-12 18:04:23,881 INFO: Tesla app startup [in /Users/manavm/Documents/Git/test_repo/webHub/app/__init__.py:39]
2014-03-12 18:05:25,006 INFO: Tesla app startup [in /Users/manavm/Documents/Git/test_repo/webHub/app/__init__.py:39]
2014-03-12 18:06:01,968 INFO: Tesla app startup [in /Users/manavm/Documents/Git/test_repo/webHub/app/__init__.py:39]
2014-03-13 13:53:41,386 INFO: Tesla app startup [in /Users/manavm/Documents/Git/test_repo/webHub/app/__init__.py:39]
2014-03-13 13:53:41,995 INFO: Tesla app startup [in /Users/manavm/Documents/Git/test_repo/webHub/app/__init__.py:39]
2014-03-13 13:55:51,135 INFO: Tesla app startup [in /Users/manavm/Documents/Git/test_repo/webHub/app/__init__.py:39]
2014-03-13 13:56:09,972 INFO: Tesla app startup [in /Users/manavm/Documents/Git/test_repo/webHub/app/__init__.py:39]
2014-03-13 13:56:31,735 INFO: Tesla app startup [in /Users/manavm/Documents/Git/test_repo/webHub/app/__init__.py:39]
2014-03-13 14:05:32,759 INFO: Tesla app startup [in /Users/manavm/Documents/Git/test_repo/webHub/app/__init__.py:39]
2014-03-13 14:05:46,535 INFO: Tesla app startup [in /Users/manavm/Documents/Git/test_repo/webHub/app/__init__.py:39]
2014-03-13 14:34:19,750 INFO: Tesla app startup [in /Users/manavm/Documents/Git/test_repo/webHub/app/__init__.py:39]
2014-03-13 15:44:34,918 INFO: Tesla app startup [in /Users/manavm/Documents/Git/test_repo/webHub/app/__init__.py:39]
2014-03-13 16:36:23,462 INFO: Tesla app startup [in /Users/manavm/Documents/Git/test_repo/webHub/app/__init__.py:39]
2014-03-13 16:36:23,752 INFO: Tesla app startup [in /Users/manavm/Documents/Git/test_repo/webHub/app/__init__.py:39]
2014-03-13 16:36:37,208 INFO: Tesla app startup [in /Users/manavm/Documents/Git/test_repo/webHub/app/__init__.py:39]
2014-03-13 16:41:23,607 INFO: Tesla app startup [in /Users/manavm/Documents/Git/test_repo/webHub/app/__init__.py:39]
2014-03-13 16:42:27,478 INFO: Tesla app startup [in /Users/manavm/Documents/Git/test_repo/webHub/app/__init__.py:39]
2014-03-13 16:44:47,872 INFO: Tesla app startup [in /Users/manavm/Documents/Git/test_repo/webHub/app/__init__.py:39]
2014-03-13 16:45:00,138 INFO: Tesla app startup [in /Users/manavm/Documents/Git/test_repo/webHub/app/__init__.py:39]
2014-03-13 16:45:00,434 INFO: Tesla app startup [in /Users/manavm/Documents/Git/test_repo/webHub/app/__init__.py:39]
2014-03-13 16:46:58,968 INFO: Tesla app startup [in /Users/manavm/Documents/Git/test_repo/webHub/app/__init__.py:39]
2014-03-13 17:12:33,022 INFO: Tesla app startup [in /Users/manavm/Documents/Git/test_repo/webHub/app/__init__.py:39]
2014-03-13 17:14:16,107 INFO: Tesla app startup [in /Users/manavm/Documents/Git/test_repo/webHub/app/__init__.py:39]
2014-03-13 17:14:16,388 INFO: Tesla app startup [in /Users/manavm/Documents/Git/test_repo/webHub/app/__init__.py:39]
2014-03-13 17:14:57,054 INFO: Tesla app startup [in /Users/manavm/Documents/Git/test_repo/webHub/app/__init__.py:39]
2014-03-13 17:15:31,708 INFO: Tesla app startup [in /Users/manavm/Documents/Git/test_repo/webHub/app/__init__.py:39]
2014-03-13 17:16:29,970 INFO: Tesla app startup [in /Users/manavm/Documents/Git/test_repo/webHub/app/__init__.py:39]
2014-03-13 17:16:42,152 INFO: Tesla app startup [in /Users/manavm/Documents/Git/test_repo/webHub/app/__init__.py:39]
2014-03-13 17:16:42,603 INFO: Tesla app startup [in /Users/manavm/Documents/Git/test_repo/webHub/app/__init__.py:39]
2014-03-13 17:17:19,612 INFO: Tesla app startup [in /Users/manavm/Documents/Git/test_repo/webHub/app/__init__.py:39]
2014-03-13 17:17:37,219 INFO: Tesla app startup [in /Users/manavm/Documents/Git/test_repo/webHub/app/__init__.py:39]
2014-03-13 17:17:38,553 INFO: Tesla app startup [in /Users/manavm/Documents/Git/test_repo/webHub/app/__init__.py:39]
2014-03-13 17:50:21,729 INFO: Tesla app startup [in /Users/manavm/Documents/Git/test_repo/webHub/app/__init__.py:39]
2014-03-13 17:50:22,078 INFO: Tesla app startup [in /Users/manavm/Documents/Git/test_repo/webHub/app/__init__.py:39]
2014-03-14 13:21:33,842 INFO: Tesla app startup [in /Users/manavm/Documents/Git/test_repo/webHub/app/__init__.py:39]
2014-03-14 13:21:34,147 INFO: Tesla app startup [in /Users/manavm/Documents/Git/test_repo/webHub/app/__init__.py:39]
2014-03-14 13:27:36,196 INFO: Tesla app startup [in /Users/manavm/Documents/Git/test_repo/webHub/app/__init__.py:39]
2014-03-14 13:28:01,725 INFO: Tesla app startup [in /Users/manavm/Documents/Git/test_repo/webHub/app/__init__.py:39]
2014-03-14 13:28:27,280 INFO: Tesla app startup [in /Users/manavm/Documents/Git/test_repo/webHub/app/__init__.py:39]
2014-03-14 13:33:42,949 INFO: Tesla app startup [in /Users/manavm/Documents/Git/test_repo/webHub/app/__init__.py:39]
2014-03-14 13:50:12,232 INFO: Tesla app startup [in /Users/manavm/Documents/Git/test_repo/webHub/app/__init__.py:39]
2014-03-14 13:50:14,569 INFO: Tesla app startup [in /Users/manavm/Documents/Git/test_repo/webHub/app/__init__.py:39]
2014-03-14 13:50:52,175 INFO: Tesla app startup [in /Users/manavm/Documents/Git/test_repo/webHub/app/__init__.py:39]
2014-03-14 13:51:03,619 INFO: Tesla app startup [in /Users/manavm/Documents/Git/test_repo/webHub/app/__init__.py:39]
2014-03-14 13:55:16,808 INFO: Tesla app startup [in /Users/manavm/Documents/Git/test_repo/webHub/app/__init__.py:39]
2014-03-14 13:55:24,214 INFO: Tesla app startup [in /Users/manavm/Documents/Git/test_repo/webHub/app/__init__.py:39]
2014-03-14 14:09:27,545 INFO: Tesla app startup [in /Users/manavm/Documents/Git/test_repo/webHub/app/__init__.py:39]
2014-03-14 14:10:16,227 INFO: Tesla app startup [in /Users/manavm/Documents/Git/test_repo/webHub/app/__init__.py:39]
2014-03-18 10:47:33,493 INFO: Tesla app startup [in /Users/manavm/Documents/Git/test_repo/webHub/app/__init__.py:39]
2014-03-18 10:47:33,773 INFO: Tesla app startup [in /Users/manavm/Documents/Git/test_repo/webHub/app/__init__.py:39]
2014-03-18 10:55:07,968 INFO: Tesla app startup [in /Users/manavm/Documents/Git/test_repo/webHub/app/__init__.py:39]
2014-03-18 10:55:08,247 INFO: Tesla app startup [in /Users/manavm/Documents/Git/test_repo/webHub/app/__init__.py:39]
2014-03-18 11:07:01,707 INFO: Tesla app startup [in /Users/manavm/Documents/Git/test_repo/webHub/app/__init__.py:39]
2014-03-18 11:14:27,301 INFO: Tesla app startup [in /Users/manavm/Documents/Git/test_repo/webHub/app/__init__.py:39]
2014-03-18 14:29:51,655 INFO: Tesla app startup [in /Users/manavm/Documents/Git/test_repo/webHub/app/__init__.py:39]
2014-03-18 14:31:47,822 INFO: Tesla app startup [in /Users/manavm/Documents/Git/test_repo/webHub/app/__init__.py:39]
2014-03-18 14:32:22,450 INFO: Tesla app startup [in /Users/manavm/Documents/Git/test_repo/webHub/app/__init__.py:39]
2014-03-18 14:33:12,175 INFO: Tesla app startup [in /Users/manavm/Documents/Git/test_repo/webHub/app/__init__.py:39]
2014-03-18 14:38:50,393 INFO: Tesla app startup [in /Users/manavm/Documents/Git/test_repo/webHub/app/__init__.py:39]
2014-03-18 14:41:06,938 INFO: Tesla app startup [in /Users/manavm/Documents/Git/test_repo/webHub/app/__init__.py:39]
2014-03-18 14:41:17,263 INFO: Tesla app startup [in /Users/manavm/Documents/Git/test_repo/webHub/app/__init__.py:39]
2014-03-18 14:41:17,561 INFO: Tesla app startup [in /Users/manavm/Documents/Git/test_repo/webHub/app/__init__.py:39]
2014-03-18 15:39:41,725 INFO: Tesla app startup [in /Users/manavm/Documents/Git/test_repo/webHub/app/__init__.py:39]
2014-03-18 15:39:42,031 INFO: Tesla app startup [in /Users/manavm/Documents/Git/test_repo/webHub/app/__init__.py:39]
2014-03-18 15:43:04,220 INFO: Tesla app startup [in /Users/manavm/Documents/Git/test_repo/webHub/app/__init__.py:39]
2014-03-18 15:47:44,916 INFO: Tesla app startup [in /Users/manavm/Documents/Git/test_repo/webHub/app/__init__.py:39]
2014-03-18 15:47:57,366 INFO: Tesla app startup [in /Users/manavm/Documents/Git/test_repo/webHub/app/__init__.py:39]
2014-03-18 15:48:35,986 INFO: Tesla app startup [in /Users/manavm/Documents/Git/test_repo/webHub/app/__init__.py:39]
2014-03-18 16:07:24,282 INFO: Tesla app startup [in /Users/manavm/Documents/Git/test_repo/webHub/app/__init__.py:39]
2014-03-18 16:07:24,593 INFO: Tesla app startup [in /Users/manavm/Documents/Git/test_repo/webHub/app/__init__.py:39]
2014-03-18 16:07:42,069 INFO: Tesla app startup [in /Users/manavm/Documents/Git/test_repo/webHub/app/__init__.py:39]
2014-03-18 16:08:45,855 INFO: Tesla app startup [in /Users/manavm/Documents/Git/test_repo/webHub/app/__init__.py:39]
2014-03-18 16:09:12,382 INFO: Tesla app startup [in /Users/manavm/Documents/Git/test_repo/webHub/app/__init__.py:39]
2014-03-18 16:09:22,840 INFO: Tesla app startup [in /Users/manavm/Documents/Git/test_repo/webHub/app/__init__.py:39]
2014-04-10 17:23:16,426 INFO: Tesla app startup [in /Users/manavm/Documents/Git/test_repo/webHub/app/__init__.py:39]
2014-04-10 17:23:17,360 INFO: Tesla app startup [in /Users/manavm/Documents/Git/test_repo/webHub/app/__init__.py:39]
2014-04-10 17:40:22,605 INFO: Tesla app startup [in /Users/manavm/Documents/Git/test_repo/webHub/app/__init__.py:39]
2014-04-10 17:42:28,313 INFO: Tesla app startup [in /Users/manavm/Documents/Git/test_repo/webHub/app/__init__.py:39]
2014-04-10 17:42:29,331 INFO: Tesla app startup [in /Users/manavm/Documents/Git/test_repo/webHub/app/__init__.py:39]
2014-04-10 17:49:28,414 INFO: Tesla app startup [in /Users/manavm/Documents/Git/test_repo/webHub/app/__init__.py:39]
2014-04-10 17:49:54,577 INFO: Tesla app startup [in /Users/manavm/Documents/Git/test_repo/webHub/app/__init__.py:39]
2014-04-10 17:58:01,143 INFO: Tesla app startup [in /Users/manavm/Documents/Git/test_repo/webHub/app/__init__.py:39]
2014-04-10 17:58:02,229 INFO: Tesla app startup [in /Users/manavm/Documents/Git/test_repo/webHub/app/__init__.py:39]
2014-04-10 18:00:03,280 INFO: Tesla app startup [in /Users/manavm/Documents/Git/test_repo/webHub/app/__init__.py:39]
2014-04-10 18:00:26,704 INFO: Tesla app startup [in /Users/manavm/Documents/Git/test_repo/webHub/app/__init__.py:39]
2014-04-11 10:42:09,347 INFO: Tesla app startup [in /Users/manavm/Documents/Git/test_repo/webHub/app/__init__.py:39]
2014-04-11 10:42:10,242 INFO: Tesla app startup [in /Users/manavm/Documents/Git/test_repo/webHub/app/__init__.py:39]
